2022-05-13 21:03:00 [scrapy.utils.log] INFO: Scrapy 2.6.1 started (bot: scrapy_040_log)
2022-05-13 21:03:01 [scrapy.utils.log] INFO: Versions: lxml 4.8.0.0, libxml2 2.9.12, cssselect 1.1.0, parsel 1.6.0, w3lib 1.22.0, Twisted 22.4.0, Python 3.10.4 (tags/v3.10.4:9d38120, Mar 23 2022, 23:13:41) [MSC v.1929 64 bit (AMD64)], pyOpenSSL 22.0.0 (OpenSSL 3.0.2 15 Mar 2022), cryptography 37.0.1, Platform Windows-10-10.0.22000-SP0
2022-05-13 21:03:01 [scrapy.crawler] INFO: Overridden settings:
{'BOT_NAME': 'scrapy_040_log',
 'LOG_FILE': 'logDemo.log',
 'NEWSPIDER_MODULE': 'scrapy_040_log.spiders',
 'SPIDER_MODULES': ['scrapy_040_log.spiders']}
2022-05-13 21:03:01 [scrapy.utils.log] DEBUG: Using reactor: twisted.internet.selectreactor.SelectReactor
2022-05-13 21:03:01 [scrapy.extensions.telnet] INFO: Telnet Password: 1bd1e20c9e70384d
2022-05-13 21:03:01 [scrapy.middleware] INFO: Enabled extensions:
['scrapy.extensions.corestats.CoreStats',
 'scrapy.extensions.telnet.TelnetConsole',
 'scrapy.extensions.logstats.LogStats']
2022-05-13 21:03:01 [scrapy.middleware] INFO: Enabled downloader middlewares:
['scrapy.downloadermiddlewares.httpauth.HttpAuthMiddleware',
 'scrapy.downloadermiddlewares.downloadtimeout.DownloadTimeoutMiddleware',
 'scrapy.downloadermiddlewares.defaultheaders.DefaultHeadersMiddleware',
 'scrapy.downloadermiddlewares.useragent.UserAgentMiddleware',
 'scrapy.downloadermiddlewares.retry.RetryMiddleware',
 'scrapy.downloadermiddlewares.redirect.MetaRefreshMiddleware',
 'scrapy.downloadermiddlewares.httpcompression.HttpCompressionMiddleware',
 'scrapy.downloadermiddlewares.redirect.RedirectMiddleware',
 'scrapy.downloadermiddlewares.cookies.CookiesMiddleware',
 'scrapy.downloadermiddlewares.httpproxy.HttpProxyMiddleware',
 'scrapy.downloadermiddlewares.stats.DownloaderStats']
2022-05-13 21:03:01 [scrapy.middleware] INFO: Enabled spider middlewares:
['scrapy.spidermiddlewares.httperror.HttpErrorMiddleware',
 'scrapy.spidermiddlewares.offsite.OffsiteMiddleware',
 'scrapy.spidermiddlewares.referer.RefererMiddleware',
 'scrapy.spidermiddlewares.urllength.UrlLengthMiddleware',
 'scrapy.spidermiddlewares.depth.DepthMiddleware']
2022-05-13 21:03:01 [scrapy.middleware] INFO: Enabled item pipelines:
[]
2022-05-13 21:03:01 [scrapy.core.engine] INFO: Spider opened
2022-05-13 21:03:02 [scrapy.extensions.logstats] INFO: Crawled 0 pages (at 0 pages/min), scraped 0 items (at 0 items/min)
2022-05-13 21:03:02 [scrapy.extensions.telnet] INFO: Telnet console listening on 127.0.0.1:6023
2022-05-13 21:03:02 [filelock] DEBUG: Attempting to acquire lock 2393298372592 on D:\DevEnv\python3.10\lib\site-packages\tldextract\.suffix_cache/publicsuffix.org-tlds\de84b5ca2167d4c83e38fb162f2e8738.tldextract.json.lock
2022-05-13 21:03:02 [filelock] DEBUG: Lock 2393298372592 acquired on D:\DevEnv\python3.10\lib\site-packages\tldextract\.suffix_cache/publicsuffix.org-tlds\de84b5ca2167d4c83e38fb162f2e8738.tldextract.json.lock
2022-05-13 21:03:02 [filelock] DEBUG: Attempting to release lock 2393298372592 on D:\DevEnv\python3.10\lib\site-packages\tldextract\.suffix_cache/publicsuffix.org-tlds\de84b5ca2167d4c83e38fb162f2e8738.tldextract.json.lock
2022-05-13 21:03:02 [filelock] DEBUG: Lock 2393298372592 released on D:\DevEnv\python3.10\lib\site-packages\tldextract\.suffix_cache/publicsuffix.org-tlds\de84b5ca2167d4c83e38fb162f2e8738.tldextract.json.lock
2022-05-13 21:03:02 [scrapy.core.engine] DEBUG: Crawled (200) <GET http://www.baidu.com/> (referer: None)
2022-05-13 21:03:02 [scrapy.core.engine] INFO: Closing spider (finished)
2022-05-13 21:03:02 [scrapy.statscollectors] INFO: Dumping Scrapy stats:
{'downloader/request_bytes': 213,
 'downloader/request_count': 1,
 'downloader/request_method_count/GET': 1,
 'downloader/response_bytes': 1476,
 'downloader/response_count': 1,
 'downloader/response_status_count/200': 1,
 'elapsed_time_seconds': 0.155662,
 'finish_reason': 'finished',
 'finish_time': datetime.datetime(2022, 5, 13, 13, 3, 2, 192941),
 'httpcompression/response_bytes': 2381,
 'httpcompression/response_count': 1,
 'log_count/DEBUG': 6,
 'log_count/INFO': 10,
 'response_received_count': 1,
 'scheduler/dequeued': 1,
 'scheduler/dequeued/memory': 1,
 'scheduler/enqueued': 1,
 'scheduler/enqueued/memory': 1,
 'start_time': datetime.datetime(2022, 5, 13, 13, 3, 2, 37279)}
2022-05-13 21:03:02 [scrapy.core.engine] INFO: Spider closed (finished)
